#
# A fatal error has been detected by the Java Runtime Environment:
#
#  EXCEPTION_ACCESS_VIOLATION (0xc0000005) at pc=0x00007fff1af376ed, pid=2364, tid=0x000000000000445c
#
# JRE version: Java(TM) SE Runtime Environment (8.0_371) (build 1.8.0_371-b11)
# Java VM: Java HotSpot(TM) 64-Bit Server VM (25.371-b11 mixed mode windows-amd64 compressed oops)
# Problematic frame:
# C  0x00007fff1af376ed
#
# Failed to write core dump. Minidumps are not enabled by default on client versions of Windows
#
# If you would like to submit a bug report, please visit:
#   http://bugreport.java.com/bugreport/crash.jsp
# The crash happened outside the Java Virtual Machine in native code.
# See problematic frame for where to report the bug.
#

---------------  T H R E A D  ---------------

Current thread (0x0000015d4527f800):  JavaThread "Thread-2" [_thread_in_native, id=17500, stack(0x0000001e48c00000,0x0000001e48d00000)]

siginfo: ExceptionCode=0xc0000005, ExceptionInformation=0x0000000000000008 0x00007fff1af376ed

Registers:
RAX=0x0000000000000000, RBX=0x0000015d44720d80, RCX=0x00007fff27381984, RDX=0x0000000000000000
RSP=0x0000001e48cff120, RBP=0x0000000000010001, RSI=0x0000000000000000, RDI=0x0000000000000000
R8 =0x0000001e48cff118, R9 =0x0000000000010001, R10=0x0000000000000000, R11=0x0000000000000246
R12=0x0000000000000000, R13=0x0000015d42865030, R14=0x0000001e48cff290, R15=0x0000015d4527f800
RIP=0x00007fff1af376ed, EFLAGS=0x0000000000010246

Top of Stack: (sp=0x0000001e48cff120)
0x0000001e48cff120:   0000015d44720d80 0000000000000000
0x0000001e48cff130:   0000000000010001 00007ffef4900919
0x0000001e48cff140:   0000015d44720dd8 0000000000010001
0x0000001e48cff150:   0000015d44720d88 0000015d00000000
0x0000001e48cff160:   0000000000000001 00007ffef484f53e
0x0000001e48cff170:   0000000000000000 0000015d446a7110
0x0000001e48cff180:   0000001e48cff290 0000001e48cff1a0
0x0000001e48cff190:   0000000000000000 00007ffef4853be4
0x0000001e48cff1a0:   0000015d45270830 0000000000000000
0x0000001e48cff1b0:   000000000000012c 000000067a1580d8
0x0000001e48cff1c0:   000000000000012c 0000015d0d75a02e
0x0000001e48cff1d0:   0000015d42823738 0000001e48cff258
0x0000001e48cff1e0:   0000000021000021 0000015d425589e0
0x0000001e48cff1f0:   000000000000012c 0000001e48cff210
0x0000001e48cff200:   0000001e48cff270 0000015d0d7483fd
0x0000001e48cff210:   000000067a157fa8 0000001e48cff218 

Instructions: (pc=0x00007fff1af376ed)
0x00007fff1af376cd:   
[error occurred during error reporting (printing registers, top of stack, instructions near pc), id 0xc0000005]

Register to memory mapping:

RAX=0x0000000000000000 is an unknown value
RBX=0x0000015d44720d80 is an unknown value
RCX=0x00007fff27381984 is an unknown value
RDX=0x0000000000000000 is an unknown value
RSP=0x0000001e48cff120 is pointing into the stack for thread: 0x0000015d4527f800
RBP=0x0000000000010001 is an unknown value
RSI=0x0000000000000000 is an unknown value
RDI=0x0000000000000000 is an unknown value
R8 =0x0000001e48cff118 is pointing into the stack for thread: 0x0000015d4527f800
R9 =0x0000000000010001 is an unknown value
R10=0x0000000000000000 is an unknown value
R11=0x0000000000000246 is an unknown value
R12=0x0000000000000000 is an unknown value
R13=0x0000015d42865030 is pointing into metadata
R14=0x0000001e48cff290 is pointing into the stack for thread: 0x0000015d4527f800
R15=0x0000015d4527f800 is a thread


Stack: [0x0000001e48c00000,0x0000001e48d00000],  sp=0x0000001e48cff120,  free space=1020k
Native frames: (J=compiled Java code, j=interpreted, Vv=VM code, C=native code)
C  0x00007fff1af376ed

Java frames: (J=compiled Java code, j=interpreted, Vv=VM code)
j  sun.java2d.d3d.D3DSurfaceData.initOps(III)V+0
j  sun.java2d.d3d.D3DSurfaceData.<init>(Lsun/awt/windows/WComponentPeer;Lsun/java2d/d3d/D3DGraphicsConfig;IILjava/awt/Image;Ljava/awt/image/ColorModel;IILsun/java2d/pipe/hw/ExtendedBufferCapabilities$VSyncType;I)V+76
j  sun.java2d.d3d.D3DSurfaceData.createData(Lsun/java2d/d3d/D3DGraphicsConfig;IILjava/awt/image/ColorModel;Ljava/awt/Image;I)Lsun/java2d/d3d/D3DSurfaceData;+70
j  sun.java2d.d3d.D3DGraphicsConfig.createManagedSurface(III)Lsun/java2d/SurfaceData;+10
j  sun.java2d.d3d.D3DSurfaceDataProxy.validateSurfaceData(Lsun/java2d/SurfaceData;Lsun/java2d/SurfaceData;II)Lsun/java2d/SurfaceData;+22
j  sun.java2d.SurfaceDataProxy.replaceData(Lsun/java2d/SurfaceData;ILsun/java2d/loops/CompositeType;Ljava/awt/Color;)Lsun/java2d/SurfaceData;+191
J 711 C2 sun.java2d.SunGraphics2D.drawImage(Ljava/awt/Image;IIIILjava/awt/image/ImageObserver;)Z (15 bytes) @ 0x0000015d0d9fa934 [0x0000015d0d9f8ce0+0x1c54]
J 726% C2 com.tictactoe.TicTacToe.run()V (134 bytes) @ 0x0000015d0d9f62e8 [0x0000015d0d9f6200+0xe8]
j  java.lang.Thread.run()V+11
v  ~StubRoutines::call_stub

---------------  P R O C E S S  ---------------

Java Threads: ( => current thread )
  0x0000015d4528a000 JavaThread "Thread-0" daemon [_thread_in_native, id=24936, stack(0x0000001e46f00000,0x0000001e47000000)]
  0x0000015d45281000 JavaThread "DestroyJavaVM" [_thread_blocked, id=16896, stack(0x0000001e47100000,0x0000001e47200000)]
=>0x0000015d4527f800 JavaThread "Thread-2" [_thread_in_native, id=17500, stack(0x0000001e48c00000,0x0000001e48d00000)]
  0x0000015d450e3800 JavaThread "AWT-EventQueue-0" [_thread_blocked, id=19324, stack(0x0000001e48700000,0x0000001e48800000)]
  0x0000015d4470c000 JavaThread "AWT-Shutdown" [_thread_blocked, id=556, stack(0x0000001e48300000,0x0000001e48400000)]
  0x0000015d44709000 JavaThread "Java2D Disposer" daemon [_thread_blocked, id=6140, stack(0x0000001e48200000,0x0000001e48300000)]
  0x0000015d43459800 JavaThread "Service Thread" daemon [_thread_blocked, id=23176, stack(0x0000001e48000000,0x0000001e48100000)]
  0x0000015d433e1000 JavaThread "C1 CompilerThread2" daemon [_thread_blocked, id=24416, stack(0x0000001e47f00000,0x0000001e48000000)]
  0x0000015d433ce800 JavaThread "C2 CompilerThread1" daemon [_thread_blocked, id=17704, stack(0x0000001e47e00000,0x0000001e47f00000)]
  0x0000015d433cb800 JavaThread "C2 CompilerThread0" daemon [_thread_blocked, id=2164, stack(0x0000001e47d00000,0x0000001e47e00000)]
  0x0000015d433c9800 JavaThread "Attach Listener" daemon [_thread_blocked, id=13112, stack(0x0000001e47c00000,0x0000001e47d00000)]
  0x0000015d433c8000 JavaThread "Signal Dispatcher" daemon [_thread_blocked, id=17100, stack(0x0000001e47b00000,0x0000001e47c00000)]
  0x0000015d433ae800 JavaThread "Finalizer" daemon [_thread_blocked, id=17664, stack(0x0000001e47a00000,0x0000001e47b00000)]
  0x0000015d42a0a000 JavaThread "Reference Handler" daemon [_thread_blocked, id=18864, stack(0x0000001e47900000,0x0000001e47a00000)]

Other Threads:
  0x0000015d43383000 VMThread [stack: 0x0000001e47800000,0x0000001e47900000] [id=10148]
  0x0000015d43496800 WatcherThread [stack: 0x0000001e48100000,0x0000001e48200000] [id=4696]

VM state:not at safepoint (normal execution)

VM Mutex/Monitor currently owned by a thread: None

heap address: 0x00000003c1000000, size: 16368 MB, Compressed Oops mode: Zero based, Oop shift amount: 3
Narrow klass base: 0x0000000000000000, Narrow klass shift: 3
Compressed class space size: 1073741824 Address: 0x00000007c0000000

Heap:
 PSYoungGen      total 305664K, used 256903K [0x000000066b000000, 0x0000000680500000, 0x00000007c0000000)
  eden space 262144K, 98% used [0x000000066b000000,0x000000067aae1c70,0x000000067b000000)
  from space 43520K, 0% used [0x000000067da80000,0x000000067da80000,0x0000000680500000)
  to   space 43520K, 0% used [0x000000067b000000,0x000000067b000000,0x000000067da80000)
 ParOldGen       total 699392K, used 0K [0x00000003c1000000, 0x00000003ebb00000, 0x000000066b000000)
  object space 699392K, 0% used [0x00000003c1000000,0x00000003c1000000,0x00000003ebb00000)
 Metaspace       used 9999K, capacity 10250K, committed 10368K, reserved 1058816K
  class space    used 1247K, capacity 1319K, committed 1408K, reserved 1048576K

Card table byte_map: [0x0000015d1cb00000,0x0000015d1eb00000] byte_map_base: 0x0000015d1acf8000

Marking Bits: (ParMarkBitMap*) 0x000000006be9d980
 Begin Bits: [0x0000015d20050000, 0x0000015d30010000)
 End Bits:   [0x0000015d30010000, 0x0000015d3ffd0000)

Polling page: 0x0000015d0d710000

CodeCache: size=245760Kb used=2953Kb max_used=2953Kb free=242806Kb
 bounds [0x0000015d0d740000, 0x0000015d0da30000, 0x0000015d1c740000]
 total_blobs=1229 nmethods=757 adapters=385
 compilation: enabled

Compilation events (10 events):
Event: 2455.454 Thread 0x0000015d433e1000  753   !   3       sun.awt.PostEventQueue::postEvent (81 bytes)
Event: 2455.454 Thread 0x0000015d433e1000 nmethod 753 0x0000015d0da1df10 code [0x0000015d0da1e0e0, 0x0000015d0da1ea80]
Event: 2455.461 Thread 0x0000015d433e1000  754   !   3       java.awt.EventDispatchThread::pumpOneEventForFilters (190 bytes)
Event: 2455.462 Thread 0x0000015d433e1000 nmethod 754 0x0000015d0da1ef10 code [0x0000015d0da1f220, 0x0000015d0da207d0]
Event: 2455.462 Thread 0x0000015d433e1000  755       3       sun.awt.EventQueueDelegate::getDelegate (13 bytes)
Event: 2455.462 Thread 0x0000015d433e1000 nmethod 755 0x0000015d0da217d0 code [0x0000015d0da21960, 0x0000015d0da21ca0]
Event: 2455.821 Thread 0x0000015d433e1000  756       3       java.awt.EventQueue::cacheEQItem (60 bytes)
Event: 2455.821 Thread 0x0000015d433e1000 nmethod 756 0x0000015d0da21d90 code [0x0000015d0da21f20, 0x0000015d0da22690]
Event: 2455.821 Thread 0x0000015d433e1000  757       3       java.awt.EventDispatchThread$HierarchyEventFilter::acceptEvent (225 bytes)
Event: 2455.822 Thread 0x0000015d433e1000 nmethod 757 0x0000015d0da228d0 code [0x0000015d0da22b00, 0x0000015d0da23d50]

GC Heap History (0 events):
No events

Deoptimization events (8 events):
Event: 0.319 Thread 0x0000015d0be73000 Uncommon trap: reason=null_check action=make_not_entrant pc=0x0000015d0d8b2354 method=java.lang.String.equals(Ljava/lang/Object;)Z @ 8
Event: 2454.802 Thread 0x0000015d4527f800 Uncommon trap: reason=unstable_if action=reinterpret pc=0x0000015d0d9f16a4 method=com.tictactoe.TicTacToe.testRender()V @ 6
Event: 2454.818 Thread 0x0000015d4527f800 Uncommon trap: reason=unstable_if action=reinterpret pc=0x0000015d0d9c7ee0 method=com.tictactoe.TicTacToe.drawSelection(Ljava/awt/Graphics;)V @ 12
Event: 2454.976 Thread 0x0000015d4527f800 Uncommon trap: reason=unstable_if action=reinterpret pc=0x0000015d0d9cb538 method=com.tictactoe.TicTacToe.testRender()V @ 6
Event: 2455.821 Thread 0x0000015d450e3800 Uncommon trap: reason=class_check action=maybe_recompile pc=0x0000015d0d9cc074 method=java.util.Arrays.copyOf([Ljava/lang/Object;ILjava/lang/Class;)[Ljava/lang/Object; @ 24
Event: 2455.822 Thread 0x0000015d450e2000 Uncommon trap: reason=unstable_if action=reinterpret pc=0x0000015d0da123d4 method=sun.java2d.d3d.D3DScreenUpdateManager.run()V @ 4
Event: 2455.833 Thread 0x0000015d4527f800 Uncommon trap: reason=unstable_if action=reinterpret pc=0x0000015d0d9d6d68 method=sun.java2d.pipe.BufferedContext.validate(Lsun/java2d/pipe/hw/AccelSurface;Lsun/java2d/pipe/hw/AccelSurface;Lsun/java2d/pipe/Region;Ljava/awt/Composite;Ljava/awt/geom/AffineT
Event: 2455.833 Thread 0x0000015d4527f800 Uncommon trap: reason=unstable_if action=reinterpret pc=0x0000015d0d9de244 method=sun.java2d.SurfaceDataProxy.replaceData(Lsun/java2d/SurfaceData;ILsun/java2d/loops/CompositeType;Ljava/awt/Color;)Lsun/java2d/SurfaceData; @ 21

Classes redefined (0 events):
No events

Internal exceptions (9 events):
Event: 0.028 Thread 0x0000015d0be73000 Exception <a 'java/lang/NoSuchMethodError': Method sun.misc.Unsafe.defineClass(Ljava/lang/String;[BII)Ljava/lang/Class; name or signature does not match> (0x000000066b007ce0) thrown at [C:\jenkins\workspace\8-2-build-windows-x64-cygwin\jdk8u371\3355\hotsp
Event: 0.028 Thread 0x0000015d0be73000 Exception <a 'java/lang/NoSuchMethodError': Method sun.misc.Unsafe.prefetchRead(Ljava/lang/Object;J)V name or signature does not match> (0x000000066b007fc8) thrown at [C:\jenkins\workspace\8-2-build-windows-x64-cygwin\jdk8u371\3355\hotspot\src\share\vm\pr
Event: 0.080 Thread 0x0000015d0be73000 Exception <a 'java/security/PrivilegedActionException'> (0x000000066b0826d8) thrown at [C:\jenkins\workspace\8-2-build-windows-x64-cygwin\jdk8u371\3355\hotspot\src\share\vm\prims\jvm.cpp, line 1513]
Event: 0.080 Thread 0x0000015d0be73000 Exception <a 'java/security/PrivilegedActionException'> (0x000000066b0828e8) thrown at [C:\jenkins\workspace\8-2-build-windows-x64-cygwin\jdk8u371\3355\hotspot\src\share\vm\prims\jvm.cpp, line 1513]
Event: 0.085 Thread 0x0000015d0be73000 Exception <a 'java/io/FileNotFoundException'> (0x000000066b084a78) thrown at [C:\jenkins\workspace\8-2-build-windows-x64-cygwin\jdk8u371\3355\hotspot\src\share\vm\prims\jni.cpp, line 710]
Event: 0.111 Thread 0x0000015d0be73000 Exception <a 'java/lang/NoSuchFieldError': method resolution failed> (0x000000066b155ed0) thrown at [C:\jenkins\workspace\8-2-build-windows-x64-cygwin\jdk8u371\3355\hotspot\src\share\vm\prims\methodHandles.cpp, line 1188]
Event: 0.112 Thread 0x0000015d0be73000 Exception <a 'java/lang/NoSuchFieldError': method resolution failed> (0x000000066b1632a0) thrown at [C:\jenkins\workspace\8-2-build-windows-x64-cygwin\jdk8u371\3355\hotspot\src\share\vm\prims\methodHandles.cpp, line 1188]
Event: 0.146 Thread 0x0000015d0be73000 Exception <a 'java/io/FileNotFoundException'> (0x000000066b2007e0) thrown at [C:\jenkins\workspace\8-2-build-windows-x64-cygwin\jdk8u371\3355\hotspot\src\share\vm\prims\jni.cpp, line 710]
Event: 0.319 Thread 0x0000015d0be73000 Implicit null exception at 0x0000015d0d8b2166 to 0x0000015d0d8b2345

Events (10 events):
Event: 2455.822 Thread 0x0000015d450e2000 DEOPT UNPACKING pc=0x0000015d0d7858c3 sp=0x0000001e48bff380 mode 2
Event: 2455.822 Thread 0x0000015d450e2000 Thread exited: 0x0000015d450e2000
Event: 2455.822 loading class sun/java2d/pipe/hw/AccelDeviceEventNotifier
Event: 2455.822 loading class sun/java2d/pipe/hw/AccelDeviceEventNotifier done
Event: 2455.833 Thread 0x0000015d4527f800 Uncommon trap: trap_request=0xffffff65 fr.pc=0x0000015d0d9d6d68
Event: 2455.833 Thread 0x0000015d4527f800 DEOPT PACKING pc=0x0000015d0d9d6d68 sp=0x0000001e48cff470
Event: 2455.833 Thread 0x0000015d4527f800 DEOPT UNPACKING pc=0x0000015d0d7858c3 sp=0x0000001e48cff3e0 mode 2
Event: 2455.833 Thread 0x0000015d4527f800 Uncommon trap: trap_request=0xffffff65 fr.pc=0x0000015d0d9de244
Event: 2455.833 Thread 0x0000015d4527f800 DEOPT PACKING pc=0x0000015d0d9de244 sp=0x0000001e48cff500
Event: 2455.833 Thread 0x0000015d4527f800 DEOPT UNPACKING pc=0x0000015d0d7858c3 sp=0x0000001e48cff4a0 mode 2


Dynamic libraries:
0x00007ff6d05d0000 - 0x00007ff6d061a000 	C:\Program Files\Java\jre-1.8\bin\javaw.exe
0x00007fff295f0000 - 0x00007fff297e8000 	C:\WINDOWS\SYSTEM32\ntdll.dll
0x00007ffee4ee0000 - 0x00007ffee4ef9000 	C:\Program Files\Avast Software\Avast\aswhook.dll
0x00007fff27660000 - 0x00007fff2771f000 	C:\WINDOWS\System32\KERNEL32.DLL
0x00007fff26de0000 - 0x00007fff270ba000 	C:\WINDOWS\System32\KERNELBASE.dll
0x00007fff29500000 - 0x00007fff295ae000 	C:\WINDOWS\System32\ADVAPI32.dll
0x00007fff286a0000 - 0x00007fff2873e000 	C:\WINDOWS\System32\msvcrt.dll
0x00007fff278e0000 - 0x00007fff2797c000 	C:\WINDOWS\System32\sechost.dll
0x00007fff27720000 - 0x00007fff27846000 	C:\WINDOWS\System32\RPCRT4.dll
0x00007fff28770000 - 0x00007fff2890d000 	C:\WINDOWS\System32\USER32.dll
0x00007fff27380000 - 0x00007fff273a2000 	C:\WINDOWS\System32\win32u.dll
0x00007fff28740000 - 0x00007fff2876b000 	C:\WINDOWS\System32\GDI32.dll
0x00007fff270c0000 - 0x00007fff271d0000 	C:\WINDOWS\System32\gdi32full.dll
0x00007fff273b0000 - 0x00007fff2744d000 	C:\WINDOWS\System32\msvcp_win.dll
0x00007fff271d0000 - 0x00007fff272d0000 	C:\WINDOWS\System32\ucrtbase.dll
0x00007fff11c90000 - 0x00007fff11f2a000 	C:\WINDOWS\WinSxS\amd64_microsoft.windows.common-controls_6595b64144ccf1df_6.0.19041.1110_none_60b5254171f9507e\COMCTL32.dll
0x00007fff29060000 - 0x00007fff29090000 	C:\WINDOWS\System32\IMM32.DLL
0x00007fff22750000 - 0x00007fff2276b000 	C:\Program Files\Java\jre-1.8\bin\vcruntime140.dll
0x00007fff22720000 - 0x00007fff2272c000 	C:\Program Files\Java\jre-1.8\bin\vcruntime140_1.dll
0x00007fff028b0000 - 0x00007fff0293e000 	C:\Program Files\Java\jre-1.8\bin\msvcp140.dll
0x000000006b670000 - 0x000000006bf17000 	C:\Program Files\Java\jre-1.8\bin\server\jvm.dll
0x00007fff27650000 - 0x00007fff27658000 	C:\WINDOWS\System32\PSAPI.DLL
0x00007fff1b670000 - 0x00007fff1b697000 	C:\WINDOWS\SYSTEM32\WINMM.dll
0x00007fff1c2f0000 - 0x00007fff1c2fa000 	C:\WINDOWS\SYSTEM32\VERSION.dll
0x00007fff06390000 - 0x00007fff06399000 	C:\WINDOWS\SYSTEM32\WSOCK32.dll
0x00007fff281c0000 - 0x00007fff2822b000 	C:\WINDOWS\System32\WS2_32.dll
0x00007fff24ba0000 - 0x00007fff24bb2000 	C:\WINDOWS\SYSTEM32\kernel.appcore.dll
0x00007fff0a9f0000 - 0x00007fff0aa00000 	C:\Program Files\Java\jre-1.8\bin\verify.dll
0x00007ffef4f00000 - 0x00007ffef4f2b000 	C:\Program Files\Java\jre-1.8\bin\java.dll
0x00007ffef1ac0000 - 0x00007ffef1ad8000 	C:\Program Files\Java\jre-1.8\bin\zip.dll
0x00007fff28910000 - 0x00007fff29054000 	C:\WINDOWS\System32\SHELL32.dll
0x00007fff24da0000 - 0x00007fff25533000 	C:\WINDOWS\SYSTEM32\windows.storage.dll
0x00007fff27cb0000 - 0x00007fff28004000 	C:\WINDOWS\System32\combase.dll
0x00007fff266d0000 - 0x00007fff266fe000 	C:\WINDOWS\SYSTEM32\Wldp.dll
0x00007fff28020000 - 0x00007fff280cd000 	C:\WINDOWS\System32\SHCORE.dll
0x00007fff27aa0000 - 0x00007fff27af5000 	C:\WINDOWS\System32\shlwapi.dll
0x00007fff26c40000 - 0x00007fff26c5f000 	C:\WINDOWS\SYSTEM32\profapi.dll
0x00007ffef4830000 - 0x00007ffef49ae000 	C:\Program Files\Java\jre-1.8\bin\awt.dll
0x00007fff28360000 - 0x00007fff2842d000 	C:\WINDOWS\System32\OLEAUT32.dll
0x00007fff245b0000 - 0x00007fff24640000 	C:\WINDOWS\SYSTEM32\apphelp.dll
0x00007fff249c0000 - 0x00007fff249ef000 	C:\WINDOWS\system32\DWMAPI.DLL
0x00007fff246d0000 - 0x00007fff2476e000 	C:\WINDOWS\system32\uxtheme.dll
0x00007ffebdf20000 - 0x00007ffebe045000 	C:\WINDOWS\system32\opengl32.dll
0x00007ffec4910000 - 0x00007ffec493c000 	C:\WINDOWS\SYSTEM32\GLU32.dll
0x00007fff27980000 - 0x00007fff27a94000 	C:\WINDOWS\System32\MSCTF.dll
0x00007fff28230000 - 0x00007fff2835a000 	C:\WINDOWS\System32\ole32.dll
0x00007fff26d50000 - 0x00007fff26dd2000 	C:\WINDOWS\System32\bcryptPrimitives.dll
0x00007fff268f0000 - 0x00007fff26902000 	C:\WINDOWS\SYSTEM32\msasn1.dll
0x00007fff1bad0000 - 0x00007fff1bb01000 	C:\WINDOWS\SYSTEM32\cryptnet.dll
0x00007fff27480000 - 0x00007fff275d6000 	C:\WINDOWS\System32\CRYPT32.dll
0x00007fff1b6b0000 - 0x00007fff1b7f8000 	C:\WINDOWS\SYSTEM32\drvstore.dll
0x00007fff26ab0000 - 0x00007fff26adc000 	C:\WINDOWS\SYSTEM32\devobj.dll
0x00007fff26d00000 - 0x00007fff26d4e000 	C:\WINDOWS\System32\cfgmgr32.dll
0x00007fff265f0000 - 0x00007fff265fc000 	C:\WINDOWS\SYSTEM32\cryptbase.dll
0x00007fff275e0000 - 0x00007fff27647000 	C:\WINDOWS\System32\WINTRUST.DLL
0x00007fff280d0000 - 0x00007fff280ed000 	C:\WINDOWS\System32\imagehlp.dll
0x00007fff26690000 - 0x00007fff266a8000 	C:\WINDOWS\SYSTEM32\CRYPTSP.dll
0x00007fff25cc0000 - 0x00007fff25cf4000 	C:\WINDOWS\system32\rsaenh.dll
0x00007fff27450000 - 0x00007fff27477000 	C:\WINDOWS\System32\bcrypt.dll
0x00007fff25550000 - 0x00007fff25573000 	C:\WINDOWS\SYSTEM32\gpapi.dll
0x00007fff1c340000 - 0x00007fff1c37b000 	C:\WINDOWS\SYSTEM32\dxcore.dll
0x00007fff21080000 - 0x00007fff210cf000 	C:\Program Files\Java\jre-1.8\bin\fontmanager.dll
0x00007fff28510000 - 0x00007fff285b9000 	C:\WINDOWS\System32\clbcatq.dll
0x00007fff1f780000 - 0x00007fff1f934000 	C:\WINDOWS\SYSTEM32\WindowsCodecs.dll
0x00007fff108f0000 - 0x00007fff109e9000 	C:\WINDOWS\SYSTEM32\textinputframework.dll
0x00007fff23ef0000 - 0x00007fff2424e000 	C:\WINDOWS\System32\CoreUIComponents.dll
0x00007fff242a0000 - 0x00007fff24392000 	C:\WINDOWS\System32\CoreMessaging.dll
0x00007fff237d0000 - 0x00007fff23924000 	C:\WINDOWS\SYSTEM32\wintypes.dll
0x00007fff25de0000 - 0x00007fff25e13000 	C:\WINDOWS\SYSTEM32\ntmarta.dll
0x00007ffef1a40000 - 0x00007ffef1a5c000 	C:\Program Files\Java\jre-1.8\bin\net.dll
0x00007fff263f0000 - 0x00007fff2645a000 	C:\WINDOWS\system32\mswsock.dll
0x00007ffef1a20000 - 0x00007ffef1a33000 	C:\Program Files\Java\jre-1.8\bin\nio.dll
0x00007fff026e0000 - 0x00007fff02723000 	C:\Program Files\Java\jre-1.8\bin\t2k.dll
0x00007fff186e0000 - 0x00007fff188c4000 	C:\WINDOWS\SYSTEM32\dbghelp.dll

VM Arguments:
jvm_args: -Dfile.encoding=Cp1252 
java_command: com.tictactoe.TicTacToe
java_class_path (initial): C:\xampp\htdocs\cwtictactoe\bin
Launcher Type: SUN_STANDARD

Environment Variables:
PATH=C:/Program Files/Java/jre-1.8/bin/server;C:/Program Files/Java/jre-1.8/bin;C:/Program Files/Java/jre-1.8/lib/amd64;C:\Program Files\Common Files\Oracle\Java\javapath;C:\Program Files (x86)\Common Files\Oracle\Java\javapath;C:\Program Files (x86)\NVIDIA Corporation\PhysX\Common;C:\Perl64\site\bin;C:\Perl64\bin;C:\WINDOWS\system32;C:\WINDOWS;C:\WINDOWS\System32\Wbem;C:\WINDOWS\System32\WindowsPowerShell\v1.0\;C:\WINDOWS\System32\OpenSSH\;C:\Program Files\Git\cmd;C:\Program Files\MATLAB\R2020a\bin;C:\Program Files\Microsoft SQL Server\Client SDK\ODBC\110\Tools\Binn\;C:\Program Files (x86)\Microsoft SQL Server\120\Tools\Binn\;C:\Program Files\Microsoft SQL Server\120\Tools\Binn\;C:\Program Files\Microsoft SQL Server\120\DTS\Binn\;C:\Program Files (x86)\Windows Kits\8.1\Windows Performance Toolkit\;C:\Program Files\swipl\bin;C:\Program Files\TortoiseGit\bin;C:\Program Files\Calibre2\;C:\Program Files\dotnet\;C:\Users\ctomn\AppData\Local\Programs\Python\Python311\Scripts\;C:\Users\ctomn\AppData\Local\Programs\Python\Python311\;C:\Users\ctomn\AppData\Local\Programs\Python\Python38-32\Scripts\;C:\Users\ctomn\AppData\Local\Programs\Python\Python38-32\;C:\Users\ctomn\AppData\Local\Microsoft\WindowsApps;C:\Users\ctomn\AppData\Local\atom\bin;C:\Users\ctomn\AppData\Local\Microsoft\WindowsApps;C:\Users\ctomn\AppData\Local\GitHubDesktop\bin;C:\Users\ctomn\.dotnet\tools;C:\WINDOWS\system32;
USERNAME=ctomn
OS=Windows_NT
PROCESSOR_IDENTIFIER=Intel64 Family 6 Model 158 Stepping 10, GenuineIntel



---------------  S Y S T E M  ---------------

OS: Windows 10 , 64 bit Build 19041 (10.0.19041.2788)

CPU:total 6 (initial active 6) (6 cores per cpu, 1 threads per core) family 6 model 158 stepping 10, cmov, cx8, fxsr, mmx, sse, sse2, sse3, ssse3, sse4.1, sse4.2, popcnt, avx, avx2, aes, clmul, erms, 3dnowpref, lzcnt, tsc, tscinvbit, bmi1, bmi2, adx

Memory: 4k page, physical 67038972k(52865620k free), swap 77000444k(58561296k free)

vm_info: Java HotSpot(TM) 64-Bit Server VM (25.371-b11) for windows-amd64 JRE (1.8.0_371-b11), built on Mar 17 2023 04:03:45 by "java_re" with MS VC++ 17.1 (VS2022)

time: Sun May  7 19:02:42 2023
timezone: Pacific Daylight Time
elapsed time: 2455.891918 seconds (0d 0h 40m 55s)

