#
# A fatal error has been detected by the Java Runtime Environment:
#
#  EXCEPTION_ACCESS_VIOLATION (0xc0000005) at pc=0x00007fff1af376ed, pid=27252, tid=0x0000000000005114
#
# JRE version: Java(TM) SE Runtime Environment (8.0_371) (build 1.8.0_371-b11)
# Java VM: Java HotSpot(TM) 64-Bit Server VM (25.371-b11 mixed mode windows-amd64 compressed oops)
# Problematic frame:
# C  0x00007fff1af376ed
#
# Failed to write core dump. Minidumps are not enabled by default on client versions of Windows
#
# If you would like to submit a bug report, please visit:
#   http://bugreport.java.com/bugreport/crash.jsp
# The crash happened outside the Java Virtual Machine in native code.
# See problematic frame for where to report the bug.
#

---------------  T H R E A D  ---------------

Current thread (0x000001b3e7a68000):  JavaThread "Thread-2" [_thread_in_native, id=20756, stack(0x0000002421310000,0x0000002421410000)]

siginfo: ExceptionCode=0xc0000005, ExceptionInformation=0x0000000000000008 0x00007fff1af376ed

Registers:
RAX=0x0000000000000000, RBX=0x000001b3e6f344e0, RCX=0x00007fff27381984, RDX=0x0000000000000000
RSP=0x000000242140e890, RBP=0x0000000000010001, RSI=0x0000000000000000, RDI=0x0000000000000000
R8 =0x000000242140e888, R9 =0x0000000000010001, R10=0x0000000000000000, R11=0x0000000000000246
R12=0x0000000000000000, R13=0x000001b3e5175c98, R14=0x000000242140e9f8, R15=0x000001b3e7a68000
RIP=0x00007fff1af376ed, EFLAGS=0x0000000000010246

Top of Stack: (sp=0x000000242140e890)
0x000000242140e890:   000001b3e6f344e0 0000000000000000
0x000000242140e8a0:   0000000000010001 00007ffee04f0919
0x000000242140e8b0:   000001b3e6f34538 0000000000010001
0x000000242140e8c0:   000001b3e6f344e8 000001b300000000
0x000000242140e8d0:   0000000000000001 00007ffee043f53e
0x000000242140e8e0:   0000000000000000 000001b3e6dd40f0
0x000000242140e8f0:   000000242140e9f8 000000242140e968
0x000000242140e900:   0000000000000000 00007ffee0443be4
0x000000242140e910:   000001b3e7a7c280 0000000000000000
0x000000242140e920:   000000000000012c 000000242140e928
0x000000242140e930:   000000000000012c 000001b3cffea02e
0x000000242140e940:   000001b3e5175c98 000000242140e9c0
0x000000242140e950:   0000000021000021 0000000000000000
0x000000242140e960:   000000240000012c 000000242140e9d8
0x000000242140e970:   000001b3cffd83fd 000000066cda9e60
0x000000242140e980:   000000242140e980 0000000000000000 

Instructions: (pc=0x00007fff1af376ed)
0x00007fff1af376cd:   
[error occurred during error reporting (printing registers, top of stack, instructions near pc), id 0xc0000005]

Register to memory mapping:

RAX=0x0000000000000000 is an unknown value
RBX=0x000001b3e6f344e0 is an unknown value
RCX=0x00007fff27381984 is an unknown value
RDX=0x0000000000000000 is an unknown value
RSP=0x000000242140e890 is pointing into the stack for thread: 0x000001b3e7a68000
RBP=0x0000000000010001 is an unknown value
RSI=0x0000000000000000 is an unknown value
RDI=0x0000000000000000 is an unknown value
R8 =0x000000242140e888 is pointing into the stack for thread: 0x000001b3e7a68000
R9 =0x0000000000010001 is an unknown value
R10=0x0000000000000000 is an unknown value
R11=0x0000000000000246 is an unknown value
R12=0x0000000000000000 is an unknown value
R13={method} {0x000001b3e5175ca0} 'initOps' '(III)V' in 'sun/java2d/d3d/D3DSurfaceData'
R14=0x000000242140e9f8 is pointing into the stack for thread: 0x000001b3e7a68000
R15=0x000001b3e7a68000 is a thread


Stack: [0x0000002421310000,0x0000002421410000],  sp=0x000000242140e890,  free space=1018k
Native frames: (J=compiled Java code, j=interpreted, Vv=VM code, C=native code)
C  0x00007fff1af376ed

Java frames: (J=compiled Java code, j=interpreted, Vv=VM code)
j  sun.java2d.d3d.D3DSurfaceData.initOps(III)V+0
j  sun.java2d.d3d.D3DSurfaceData.<init>(Lsun/awt/windows/WComponentPeer;Lsun/java2d/d3d/D3DGraphicsConfig;IILjava/awt/Image;Ljava/awt/image/ColorModel;IILsun/java2d/pipe/hw/ExtendedBufferCapabilities$VSyncType;I)V+76
j  sun.java2d.d3d.D3DSurfaceData.createData(Lsun/java2d/d3d/D3DGraphicsConfig;IILjava/awt/image/ColorModel;Ljava/awt/Image;I)Lsun/java2d/d3d/D3DSurfaceData;+70
j  sun.java2d.d3d.D3DGraphicsConfig.createManagedSurface(III)Lsun/java2d/SurfaceData;+10
j  sun.java2d.d3d.D3DSurfaceDataProxy.validateSurfaceData(Lsun/java2d/SurfaceData;Lsun/java2d/SurfaceData;II)Lsun/java2d/SurfaceData;+22
J 732 C1 sun.java2d.SurfaceDataProxy.replaceData(Lsun/java2d/SurfaceData;ILsun/java2d/loops/CompositeType;Ljava/awt/Color;)Lsun/java2d/SurfaceData; (329 bytes) @ 0x000001b3d027d89c [0x000001b3d027cec0+0x9dc]
J 674 C1 sun.java2d.SurfaceData.getSourceSurfaceData(Ljava/awt/Image;ILsun/java2d/loops/CompositeType;Ljava/awt/Color;)Lsun/java2d/SurfaceData; (110 bytes) @ 0x000001b3d024eb24 [0x000001b3d024e100+0xa24]
J 673 C1 sun.java2d.pipe.DrawImage.renderImageCopy(Lsun/java2d/SunGraphics2D;Ljava/awt/Image;Ljava/awt/Color;IIIIII)Z (147 bytes) @ 0x000001b3d024be74 [0x000001b3d024bb20+0x354]
J 696 C1 sun.java2d.pipe.DrawImage.copyImage(Lsun/java2d/SunGraphics2D;Ljava/awt/Image;IIIIIILjava/awt/Color;)Z (74 bytes) @ 0x000001b3d0264a04 [0x000001b3d0264760+0x2a4]
J 695 C1 sun.java2d.pipe.DrawImage.copyImage(Lsun/java2d/SunGraphics2D;Ljava/awt/Image;IIIIIILjava/awt/Color;Ljava/awt/image/ImageObserver;)Z (91 bytes) @ 0x000001b3d0264154 [0x000001b3d02639e0+0x774]
J 694 C1 sun.java2d.SunGraphics2D.copyImage(Ljava/awt/Image;IIIIIILjava/awt/Color;Ljava/awt/image/ImageObserver;)Z (107 bytes) @ 0x000001b3d026267c [0x000001b3d02624e0+0x19c]
J 611 C1 sun.java2d.SunGraphics2D.drawImage(Ljava/awt/Image;IIIILjava/awt/Color;Ljava/awt/image/ImageObserver;)Z (197 bytes) @ 0x000001b3d0220f4c [0x000001b3d021ffa0+0xfac]
J 610 C1 sun.java2d.SunGraphics2D.drawImage(Ljava/awt/Image;IIIILjava/awt/image/ImageObserver;)Z (15 bytes) @ 0x000001b3d021fb44 [0x000001b3d021fa40+0x104]
j  com.tictactoe.TicTacToe.run()V+91
j  java.lang.Thread.run()V+11
v  ~StubRoutines::call_stub

---------------  P R O C E S S  ---------------

Java Threads: ( => current thread )
  0x000001b3e7a6f000 JavaThread "Thread-0" daemon [_thread_in_native, id=26356, stack(0x0000002421510000,0x0000002421610000)]
  0x000001b3e7a66000 JavaThread "DestroyJavaVM" [_thread_blocked, id=24636, stack(0x000000241f800000,0x000000241f900000)]
=>0x000001b3e7a68000 JavaThread "Thread-2" [_thread_in_native, id=20756, stack(0x0000002421310000,0x0000002421410000)]
  0x000001b3e78be000 JavaThread "AWT-EventQueue-0" [_thread_blocked, id=22896, stack(0x0000002420e00000,0x0000002420f00000)]
  0x000001b3e6f1c000 JavaThread "AWT-Shutdown" [_thread_blocked, id=23288, stack(0x0000002420a00000,0x0000002420b00000)]
  0x000001b3e6f18800 JavaThread "Java2D Disposer" daemon [_thread_blocked, id=24864, stack(0x0000002420900000,0x0000002420a00000)]
  0x000001b3e5c59800 JavaThread "Service Thread" daemon [_thread_blocked, id=25512, stack(0x0000002420700000,0x0000002420800000)]
  0x000001b3e5be1000 JavaThread "C1 CompilerThread2" daemon [_thread_blocked, id=26064, stack(0x0000002420600000,0x0000002420700000)]
  0x000001b3e5bd9000 JavaThread "C2 CompilerThread1" daemon [_thread_blocked, id=27568, stack(0x0000002420500000,0x0000002420600000)]
  0x000001b3e5bd5800 JavaThread "C2 CompilerThread0" daemon [_thread_blocked, id=12404, stack(0x0000002420400000,0x0000002420500000)]
  0x000001b3e5bd3000 JavaThread "Attach Listener" daemon [_thread_blocked, id=18364, stack(0x0000002420300000,0x0000002420400000)]
  0x000001b3e5bdd000 JavaThread "Signal Dispatcher" daemon [_thread_blocked, id=23968, stack(0x0000002420200000,0x0000002420300000)]
  0x000001b3ce81d800 JavaThread "Finalizer" daemon [_thread_blocked, id=26036, stack(0x0000002420100000,0x0000002420200000)]
  0x000001b3ce816800 JavaThread "Reference Handler" daemon [_thread_blocked, id=26060, stack(0x0000002420000000,0x0000002420100000)]

Other Threads:
  0x000001b3e5b94800 VMThread [stack: 0x000000241ff00000,0x0000002420000000] [id=27132]
  0x000001b3e5c97000 WatcherThread [stack: 0x0000002420800000,0x0000002420900000] [id=25048]

VM state:not at safepoint (normal execution)

VM Mutex/Monitor currently owned by a thread: None

heap address: 0x00000003c1000000, size: 16368 MB, Compressed Oops mode: Zero based, Oop shift amount: 3
Narrow klass base: 0x0000000000000000, Narrow klass shift: 3
Compressed class space size: 1073741824 Address: 0x00000007c0000000

Heap:
 PSYoungGen      total 305664K, used 41943K [0x000000066b000000, 0x0000000680500000, 0x00000007c0000000)
  eden space 262144K, 16% used [0x000000066b000000,0x000000066d8f5f08,0x000000067b000000)
  from space 43520K, 0% used [0x000000067da80000,0x000000067da80000,0x0000000680500000)
  to   space 43520K, 0% used [0x000000067b000000,0x000000067b000000,0x000000067da80000)
 ParOldGen       total 699392K, used 0K [0x00000003c1000000, 0x00000003ebb00000, 0x000000066b000000)
  object space 699392K, 0% used [0x00000003c1000000,0x00000003c1000000,0x00000003ebb00000)
 Metaspace       used 10091K, capacity 10314K, committed 10624K, reserved 1058816K
  class space    used 1246K, capacity 1319K, committed 1408K, reserved 1048576K

Card table byte_map: [0x000001b3df390000,0x000001b3e1390000] byte_map_base: 0x000001b3dd588000

Marking Bits: (ParMarkBitMap*) 0x000000006be9d980
 Begin Bits: [0x000001b380000000, 0x000001b38ffc0000)
 End Bits:   [0x000001b38ffc0000, 0x000001b39ff80000)

Polling page: 0x000001b3ce6f0000

CodeCache: size=245760Kb used=2993Kb max_used=3004Kb free=242766Kb
 bounds [0x000001b3cffd0000, 0x000001b3d02d0000, 0x000001b3defd0000]
 total_blobs=1291 nmethods=821 adapters=383
 compilation: enabled

Compilation events (10 events):
Event: 20.939 Thread 0x000001b3e5be1000  817       1       java.awt.Image$1::getSurfaceManager (5 bytes)
Event: 20.939 Thread 0x000001b3e5be1000 nmethod 817 0x000001b3d02b2910 code [0x000001b3d02b2a60, 0x000001b3d02b2b78]
Event: 21.875 Thread 0x000001b3e5bd5800  818       4       sun.java2d.SunGraphics2D::validateColor (102 bytes)
Event: 21.876 Thread 0x000001b3e5bd5800 nmethod 818 0x000001b3d02b5f50 code [0x000001b3d02b60c0, 0x000001b3d02b6278]
Event: 21.924 Thread 0x000001b3e5bd9000  819       4       sun.java2d.SunGraphics2D::setColor (108 bytes)
Event: 21.925 Thread 0x000001b3e5bd9000 nmethod 819 0x000001b3d02c0610 code [0x000001b3d02c0780, 0x000001b3d02c09b8]
Event: 21.985 Thread 0x000001b3e5bd5800  820       4       sun.java2d.StateTrackableDelegate$1::isCurrent (17 bytes)
Event: 21.985 Thread 0x000001b3e5bd5800 nmethod 820 0x000001b3d02a4990 code [0x000001b3d02a4ac0, 0x000001b3d02a4b58]
Event: 22.017 Thread 0x000001b3e5bd9000  821       4       java.util.regex.Pattern$Ctype::isSatisfiedBy (24 bytes)
Event: 22.017 Thread 0x000001b3e5bd9000 nmethod 821 0x000001b3d02bcdd0 code [0x000001b3d02bcf20, 0x000001b3d02bcff8]

GC Heap History (0 events):
No events

Deoptimization events (1 events):
Event: 0.307 Thread 0x000001b3ce603800 Uncommon trap: reason=null_check action=make_not_entrant pc=0x000001b3d013c514 method=java.lang.String.equals(Ljava/lang/Object;)Z @ 8

Classes redefined (0 events):
No events

Internal exceptions (9 events):
Event: 0.029 Thread 0x000001b3ce603800 Exception <a 'java/lang/NoSuchMethodError': Method sun.misc.Unsafe.defineClass(Ljava/lang/String;[BII)Ljava/lang/Class; name or signature does not match> (0x000000066b007ce0) thrown at [C:\jenkins\workspace\8-2-build-windows-x64-cygwin\jdk8u371\3355\hotsp
Event: 0.029 Thread 0x000001b3ce603800 Exception <a 'java/lang/NoSuchMethodError': Method sun.misc.Unsafe.prefetchRead(Ljava/lang/Object;J)V name or signature does not match> (0x000000066b007fc8) thrown at [C:\jenkins\workspace\8-2-build-windows-x64-cygwin\jdk8u371\3355\hotspot\src\share\vm\pr
Event: 0.078 Thread 0x000001b3ce603800 Exception <a 'java/security/PrivilegedActionException'> (0x000000066b082990) thrown at [C:\jenkins\workspace\8-2-build-windows-x64-cygwin\jdk8u371\3355\hotspot\src\share\vm\prims\jvm.cpp, line 1513]
Event: 0.078 Thread 0x000001b3ce603800 Exception <a 'java/security/PrivilegedActionException'> (0x000000066b082ba0) thrown at [C:\jenkins\workspace\8-2-build-windows-x64-cygwin\jdk8u371\3355\hotspot\src\share\vm\prims\jvm.cpp, line 1513]
Event: 0.083 Thread 0x000001b3ce603800 Exception <a 'java/io/FileNotFoundException'> (0x000000066b084d30) thrown at [C:\jenkins\workspace\8-2-build-windows-x64-cygwin\jdk8u371\3355\hotspot\src\share\vm\prims\jni.cpp, line 710]
Event: 0.108 Thread 0x000001b3ce603800 Exception <a 'java/lang/NoSuchFieldError': method resolution failed> (0x000000066b156188) thrown at [C:\jenkins\workspace\8-2-build-windows-x64-cygwin\jdk8u371\3355\hotspot\src\share\vm\prims\methodHandles.cpp, line 1188]
Event: 0.109 Thread 0x000001b3ce603800 Exception <a 'java/lang/NoSuchFieldError': method resolution failed> (0x000000066b163558) thrown at [C:\jenkins\workspace\8-2-build-windows-x64-cygwin\jdk8u371\3355\hotspot\src\share\vm\prims\methodHandles.cpp, line 1188]
Event: 0.142 Thread 0x000001b3ce603800 Exception <a 'java/io/FileNotFoundException'> (0x000000066b200df0) thrown at [C:\jenkins\workspace\8-2-build-windows-x64-cygwin\jdk8u371\3355\hotspot\src\share\vm\prims\jni.cpp, line 710]
Event: 0.307 Thread 0x000001b3ce603800 Implicit null exception at 0x000001b3d013c326 to 0x000001b3d013c505

Events (10 events):
Event: 4.895 loading class java/awt/geom/EllipseIterator
Event: 4.895 loading class java/awt/geom/PathIterator
Event: 4.895 loading class java/awt/geom/PathIterator done
Event: 4.895 loading class java/awt/geom/EllipseIterator done
Event: 22.101 Thread 0x000001b3e7a65000 Thread added: 0x000001b3e7a65000
Event: 22.101 Thread 0x000001b3e7a6f000 Thread added: 0x000001b3e7a6f000
Event: 22.102 Thread 0x000001b3e7a65000 Thread exited: 0x000001b3e7a65000
Event: 22.102 Thread 0x000001b3e78bf000 Thread exited: 0x000001b3e78bf000
Event: 22.103 loading class sun/java2d/pipe/hw/AccelDeviceEventNotifier
Event: 22.103 loading class sun/java2d/pipe/hw/AccelDeviceEventNotifier done


Dynamic libraries:
0x00007ff6d05d0000 - 0x00007ff6d061a000 	C:\Program Files\Java\jre-1.8\bin\javaw.exe
0x00007fff295f0000 - 0x00007fff297e8000 	C:\WINDOWS\SYSTEM32\ntdll.dll
0x00007ffee4ee0000 - 0x00007ffee4ef9000 	C:\Program Files\Avast Software\Avast\aswhook.dll
0x00007fff27660000 - 0x00007fff2771f000 	C:\WINDOWS\System32\KERNEL32.DLL
0x00007fff26de0000 - 0x00007fff270ba000 	C:\WINDOWS\System32\KERNELBASE.dll
0x00007fff29500000 - 0x00007fff295ae000 	C:\WINDOWS\System32\ADVAPI32.dll
0x00007fff286a0000 - 0x00007fff2873e000 	C:\WINDOWS\System32\msvcrt.dll
0x00007fff278e0000 - 0x00007fff2797c000 	C:\WINDOWS\System32\sechost.dll
0x00007fff27720000 - 0x00007fff27846000 	C:\WINDOWS\System32\RPCRT4.dll
0x00007fff28770000 - 0x00007fff2890d000 	C:\WINDOWS\System32\USER32.dll
0x00007fff27380000 - 0x00007fff273a2000 	C:\WINDOWS\System32\win32u.dll
0x00007fff28740000 - 0x00007fff2876b000 	C:\WINDOWS\System32\GDI32.dll
0x00007fff270c0000 - 0x00007fff271d0000 	C:\WINDOWS\System32\gdi32full.dll
0x00007fff273b0000 - 0x00007fff2744d000 	C:\WINDOWS\System32\msvcp_win.dll
0x00007fff271d0000 - 0x00007fff272d0000 	C:\WINDOWS\System32\ucrtbase.dll
0x00007fff11c90000 - 0x00007fff11f2a000 	C:\WINDOWS\WinSxS\amd64_microsoft.windows.common-controls_6595b64144ccf1df_6.0.19041.1110_none_60b5254171f9507e\COMCTL32.dll
0x00007fff29060000 - 0x00007fff29090000 	C:\WINDOWS\System32\IMM32.DLL
0x00007fff22750000 - 0x00007fff2276b000 	C:\Program Files\Java\jre-1.8\bin\vcruntime140.dll
0x00007fff22720000 - 0x00007fff2272c000 	C:\Program Files\Java\jre-1.8\bin\vcruntime140_1.dll
0x00007fff21080000 - 0x00007fff2110e000 	C:\Program Files\Java\jre-1.8\bin\msvcp140.dll
0x000000006b670000 - 0x000000006bf17000 	C:\Program Files\Java\jre-1.8\bin\server\jvm.dll
0x00007fff27650000 - 0x00007fff27658000 	C:\WINDOWS\System32\PSAPI.DLL
0x00007fff06390000 - 0x00007fff06399000 	C:\WINDOWS\SYSTEM32\WSOCK32.dll
0x00007fff1c2f0000 - 0x00007fff1c2fa000 	C:\WINDOWS\SYSTEM32\VERSION.dll
0x00007fff1b670000 - 0x00007fff1b697000 	C:\WINDOWS\SYSTEM32\WINMM.dll
0x00007fff281c0000 - 0x00007fff2822b000 	C:\WINDOWS\System32\ws2_32.DLL
0x00007fff24ba0000 - 0x00007fff24bb2000 	C:\WINDOWS\SYSTEM32\kernel.appcore.dll
0x00007fff0a9f0000 - 0x00007fff0aa00000 	C:\Program Files\Java\jre-1.8\bin\verify.dll
0x00007ffef4f00000 - 0x00007ffef4f2b000 	C:\Program Files\Java\jre-1.8\bin\java.dll
0x00007ffef1ac0000 - 0x00007ffef1ad8000 	C:\Program Files\Java\jre-1.8\bin\zip.dll
0x00007fff28910000 - 0x00007fff29054000 	C:\WINDOWS\System32\SHELL32.dll
0x00007fff24da0000 - 0x00007fff25533000 	C:\WINDOWS\SYSTEM32\windows.storage.dll
0x00007fff27cb0000 - 0x00007fff28004000 	C:\WINDOWS\System32\combase.dll
0x00007fff266d0000 - 0x00007fff266fe000 	C:\WINDOWS\SYSTEM32\Wldp.dll
0x00007fff28020000 - 0x00007fff280cd000 	C:\WINDOWS\System32\SHCORE.dll
0x00007fff27aa0000 - 0x00007fff27af5000 	C:\WINDOWS\System32\shlwapi.dll
0x00007fff26c40000 - 0x00007fff26c5f000 	C:\WINDOWS\SYSTEM32\profapi.dll
0x00007ffee0420000 - 0x00007ffee059e000 	C:\Program Files\Java\jre-1.8\bin\awt.dll
0x00007fff28360000 - 0x00007fff2842d000 	C:\WINDOWS\System32\OLEAUT32.dll
0x00007fff245b0000 - 0x00007fff24640000 	C:\WINDOWS\SYSTEM32\apphelp.dll
0x00007fff249c0000 - 0x00007fff249ef000 	C:\WINDOWS\system32\DWMAPI.DLL
0x00007fff246d0000 - 0x00007fff2476e000 	C:\WINDOWS\system32\uxtheme.dll
0x00007ffebdf20000 - 0x00007ffebe045000 	C:\WINDOWS\system32\opengl32.dll
0x00007ffec4910000 - 0x00007ffec493c000 	C:\WINDOWS\SYSTEM32\GLU32.dll
0x00007fff27980000 - 0x00007fff27a94000 	C:\WINDOWS\System32\MSCTF.dll
0x00007fff28230000 - 0x00007fff2835a000 	C:\WINDOWS\System32\ole32.dll
0x00007fff26d50000 - 0x00007fff26dd2000 	C:\WINDOWS\System32\bcryptPrimitives.dll
0x00007fff268f0000 - 0x00007fff26902000 	C:\WINDOWS\SYSTEM32\msasn1.dll
0x00007fff1bad0000 - 0x00007fff1bb01000 	C:\WINDOWS\SYSTEM32\cryptnet.dll
0x00007fff27480000 - 0x00007fff275d6000 	C:\WINDOWS\System32\CRYPT32.dll
0x00007fff1b6b0000 - 0x00007fff1b7f8000 	C:\WINDOWS\SYSTEM32\drvstore.dll
0x00007fff26ab0000 - 0x00007fff26adc000 	C:\WINDOWS\SYSTEM32\devobj.dll
0x00007fff26d00000 - 0x00007fff26d4e000 	C:\WINDOWS\System32\cfgmgr32.dll
0x00007fff265f0000 - 0x00007fff265fc000 	C:\WINDOWS\SYSTEM32\cryptbase.dll
0x00007fff275e0000 - 0x00007fff27647000 	C:\WINDOWS\System32\WINTRUST.DLL
0x00007fff280d0000 - 0x00007fff280ed000 	C:\WINDOWS\System32\imagehlp.dll
0x00007fff26690000 - 0x00007fff266a8000 	C:\WINDOWS\SYSTEM32\CRYPTSP.dll
0x00007fff25cc0000 - 0x00007fff25cf4000 	C:\WINDOWS\system32\rsaenh.dll
0x00007fff27450000 - 0x00007fff27477000 	C:\WINDOWS\System32\bcrypt.dll
0x00007fff25550000 - 0x00007fff25573000 	C:\WINDOWS\SYSTEM32\gpapi.dll
0x00007fff1c340000 - 0x00007fff1c37b000 	C:\WINDOWS\SYSTEM32\dxcore.dll
0x00007fff09090000 - 0x00007fff090df000 	C:\Program Files\Java\jre-1.8\bin\fontmanager.dll
0x00007fff28510000 - 0x00007fff285b9000 	C:\WINDOWS\System32\clbcatq.dll
0x00007fff1f780000 - 0x00007fff1f934000 	C:\WINDOWS\SYSTEM32\WindowsCodecs.dll
0x00007fff108f0000 - 0x00007fff109e9000 	C:\WINDOWS\SYSTEM32\textinputframework.dll
0x00007fff23ef0000 - 0x00007fff2424e000 	C:\WINDOWS\System32\CoreUIComponents.dll
0x00007fff242a0000 - 0x00007fff24392000 	C:\WINDOWS\System32\CoreMessaging.dll
0x00007fff25de0000 - 0x00007fff25e13000 	C:\WINDOWS\SYSTEM32\ntmarta.dll
0x00007fff237d0000 - 0x00007fff23924000 	C:\WINDOWS\SYSTEM32\wintypes.dll
0x00007ffef1a40000 - 0x00007ffef1a5c000 	C:\Program Files\Java\jre-1.8\bin\net.dll
0x00007fff263f0000 - 0x00007fff2645a000 	C:\WINDOWS\system32\mswsock.dll
0x00007ffef1a20000 - 0x00007ffef1a33000 	C:\Program Files\Java\jre-1.8\bin\nio.dll
0x00007fff02870000 - 0x00007fff028b3000 	C:\Program Files\Java\jre-1.8\bin\t2k.dll
0x00007fff186e0000 - 0x00007fff188c4000 	C:\WINDOWS\SYSTEM32\dbghelp.dll

VM Arguments:
jvm_args: -Dfile.encoding=Cp1252 
java_command: com.tictactoe.TicTacToe
java_class_path (initial): C:\xampp\htdocs\cwtictactoe\bin
Launcher Type: SUN_STANDARD

Environment Variables:
PATH=C:/Program Files/Java/jre-1.8/bin/server;C:/Program Files/Java/jre-1.8/bin;C:/Program Files/Java/jre-1.8/lib/amd64;C:\Program Files\Common Files\Oracle\Java\javapath;C:\Program Files (x86)\Common Files\Oracle\Java\javapath;C:\Program Files (x86)\NVIDIA Corporation\PhysX\Common;C:\Perl64\site\bin;C:\Perl64\bin;C:\WINDOWS\system32;C:\WINDOWS;C:\WINDOWS\System32\Wbem;C:\WINDOWS\System32\WindowsPowerShell\v1.0\;C:\WINDOWS\System32\OpenSSH\;C:\Program Files\Git\cmd;C:\Program Files\MATLAB\R2020a\bin;C:\Program Files\Microsoft SQL Server\Client SDK\ODBC\110\Tools\Binn\;C:\Program Files (x86)\Microsoft SQL Server\120\Tools\Binn\;C:\Program Files\Microsoft SQL Server\120\Tools\Binn\;C:\Program Files\Microsoft SQL Server\120\DTS\Binn\;C:\Program Files (x86)\Windows Kits\8.1\Windows Performance Toolkit\;C:\Program Files\swipl\bin;C:\Program Files\TortoiseGit\bin;C:\Program Files\Calibre2\;C:\Program Files\dotnet\;C:\Users\ctomn\AppData\Local\Programs\Python\Python311\Scripts\;C:\Users\ctomn\AppData\Local\Programs\Python\Python311\;C:\Users\ctomn\AppData\Local\Programs\Python\Python38-32\Scripts\;C:\Users\ctomn\AppData\Local\Programs\Python\Python38-32\;C:\Users\ctomn\AppData\Local\Microsoft\WindowsApps;C:\Users\ctomn\AppData\Local\atom\bin;C:\Users\ctomn\AppData\Local\Microsoft\WindowsApps;C:\Users\ctomn\AppData\Local\GitHubDesktop\bin;C:\Users\ctomn\.dotnet\tools;C:\WINDOWS\system32;
USERNAME=ctomn
OS=Windows_NT
PROCESSOR_IDENTIFIER=Intel64 Family 6 Model 158 Stepping 10, GenuineIntel



---------------  S Y S T E M  ---------------

OS: Windows 10 , 64 bit Build 19041 (10.0.19041.2788)

CPU:total 6 (initial active 6) (6 cores per cpu, 1 threads per core) family 6 model 158 stepping 10, cmov, cx8, fxsr, mmx, sse, sse2, sse3, ssse3, sse4.1, sse4.2, popcnt, avx, avx2, aes, clmul, erms, 3dnowpref, lzcnt, tsc, tscinvbit, bmi1, bmi2, adx

Memory: 4k page, physical 67038972k(54103720k free), swap 77000444k(60024184k free)

vm_info: Java HotSpot(TM) 64-Bit Server VM (25.371-b11) for windows-amd64 JRE (1.8.0_371-b11), built on Mar 17 2023 04:03:45 by "java_re" with MS VC++ 17.1 (VS2022)

time: Sun May  7 20:28:08 2023
timezone: Pacific Daylight Time
elapsed time: 22.162985 seconds (0d 0h 0m 22s)

